<?xml version="1.0" encoding="UTF-8"?>
<testsuite xmlns:xsi="http://www.w3.org/2001/XMLSchema-instance" xsi:noNamespaceSchemaLocation="https://maven.apache.org/surefire/maven-surefire-plugin/xsd/surefire-test-report.xsd" version="3.0.2" name="com.cplovers.centrodepesquisa.CentrodepesquisaApplicationTests" time="7.269" tests="1" errors="0" skipped="0" failures="0" flakes="0">
  <properties>
[...]
</properties>
  <testcase name="contextLoads" classname="com.cplovers.centrodepesquisa.CentrodepesquisaApplicationTests" time="0.475">
    <system-out><![CDATA[21:55:42.712 [main] INFO org.springframework.test.context.support.AnnotationConfigContextLoaderUtils -- Could not detect default configuration classes for test class [com.cplovers.centrodepesquisa.CentrodepesquisaApplicationTests]: CentrodepesquisaApplicationTests does not declare any static, non-private, non-final, nested classes annotated with @Configuration.
21:55:42.851 [main] INFO org.springframework.boot.test.context.SpringBootTestContextBootstrapper -- Found @SpringBootConfiguration com.cplovers.centrodepesquisa.CentrodepesquisaApplication for test class com.cplovers.centrodepesquisa.CentrodepesquisaApplicationTests
21:55:43.001 [main] INFO org.springframework.test.context.support.AnnotationConfigContextLoaderUtils -- Could not detect default configuration classes for test class [com.cplovers.centrodepesquisa.CentrodepesquisaApplicationTests]: CentrodepesquisaApplicationTests does not declare any static, non-private, non-final, nested classes annotated with @Configuration.
21:55:43.003 [main] INFO org.springframework.boot.test.context.SpringBootTestContextBootstrapper -- Found @SpringBootConfiguration com.cplovers.centrodepesquisa.CentrodepesquisaApplication for test class com.cplovers.centrodepesquisa.CentrodepesquisaApplicationTests
21:55:43.110 [main] INFO org.springframework.boot.devtools.restart.RestartApplicationListener -- Restart disabled due to context in which it is running

  .   ____          _            __ _ _
 /\\ / ___'_ __ _ _(_)_ __  __ _ \ \ \ \
( ( )\___ | '_ | '_| | '_ \/ _` | \ \ \ \
 \\/  ___)| |_)| | | | | || (_| |  ) ) ) )
  '  |____| .__|_| |_|_| |_\__, | / / / /
 =========|_|==============|___/=/_/_/_/

 :: Spring Boot ::                (v4.0.6)

2026-07-12T21:55:43.476-03:00  INFO 85174 --- [centrodepesquisa] [           main] c.c.c.CentrodepesquisaApplicationTests   : Starting CentrodepesquisaApplicationTests using Java 25.0.3 with PID 85174 (started by adrianoeloy in /mnt/6a83a2b5-5454-4d5f-9198-1f2a2be811aa/workspace-java/gc-t-2026-1-cplovers)
2026-07-12T21:55:43.478-03:00  INFO 85174 --- [centrodepesquisa] [           main] c.c.c.CentrodepesquisaApplicationTests   : No active profile set, falling back to 1 default profile: "default"
2026-07-12T21:55:44.693-03:00  INFO 85174 --- [centrodepesquisa] [           main] .s.d.r.c.RepositoryConfigurationDelegate : Bootstrapping Spring Data JPA repositories in DEFAULT mode.
2026-07-12T21:55:44.773-03:00  INFO 85174 --- [centrodepesquisa] [           main] .s.d.r.c.RepositoryConfigurationDelegate : Finished Spring Data repository scanning in 61 ms. Found 3 JPA repository interfaces.
2026-07-12T21:55:45.892-03:00  INFO 85174 --- [centrodepesquisa] [           main] com.zaxxer.hikari.HikariDataSource       : HikariPool-1 - Starting...
2026-07-12T21:55:46.155-03:00  INFO 85174 --- [centrodepesquisa] [           main] com.zaxxer.hikari.pool.HikariPool        : HikariPool-1 - Added connection conn0: url=jdbc:h2:mem:testdb user=SA
2026-07-12T21:55:46.157-03:00  INFO 85174 --- [centrodepesquisa] [           main] com.zaxxer.hikari.HikariDataSource       : HikariPool-1 - Start completed.
2026-07-12T21:55:46.339-03:00  INFO 85174 --- [centrodepesquisa] [           main] org.hibernate.orm.jpa                    : HHH008540: Processing PersistenceUnitInfo [name: default]
2026-07-12T21:55:46.397-03:00  INFO 85174 --- [centrodepesquisa] [           main] org.hibernate.orm.core                   : HHH000001: Hibernate ORM core version 7.2.12.Final
2026-07-12T21:55:46.881-03:00  INFO 85174 --- [centrodepesquisa] [           main] o.s.o.j.p.SpringPersistenceUnitInfo      : No LoadTimeWeaver setup: ignoring JPA class transformer
2026-07-12T21:55:46.925-03:00  WARN 85174 --- [centrodepesquisa] [           main] org.hibernate.orm.deprecation            : HHH90000025: H2Dialect does not need to be specified explicitly using 'hibernate.dialect' (remove the property setting and it will be selected by default)
2026-07-12T21:55:46.939-03:00  INFO 85174 --- [centrodepesquisa] [           main] org.hibernate.orm.connections.pooling    : HHH10001005: Database info:
	Database JDBC URL [jdbc:h2:mem:testdb]
	Database driver: H2 JDBC Driver
	Database dialect: H2Dialect
	Database version: 2.4.240
	Default catalog/schema: TESTDB/PUBLIC
	Autocommit mode: undefined/unknown
	Isolation level: READ_COMMITTED [default READ_COMMITTED]
	JDBC fetch size: 100
	Pool: DataSourceConnectionProvider
	Minimum pool size: undefined/unknown
	Maximum pool size: undefined/unknown
2026-07-12T21:55:47.844-03:00  INFO 85174 --- [centrodepesquisa] [           main] org.hibernate.orm.core                   : HHH000489: No JTA platform available (set 'hibernate.transaction.jta.platform' to enable JTA platform integration)
2026-07-12T21:55:47.880-03:00  INFO 85174 --- [centrodepesquisa] [           main] j.LocalContainerEntityManagerFactoryBean : Initialized JPA EntityManagerFactory for persistence unit 'default'
2026-07-12T21:55:47.964-03:00  INFO 85174 --- [centrodepesquisa] [           main] o.s.d.j.r.query.QueryEnhancerFactories   : Hibernate is in classpath; If applicable, HQL parser will be used.
2026-07-12T21:55:48.368-03:00  WARN 85174 --- [centrodepesquisa] [           main] JpaBaseConfiguration$JpaWebConfiguration : spring.jpa.open-in-view is enabled by default. Therefore, database queries may be performed during view rendering. Explicitly configure spring.jpa.open-in-view to disable this warning
2026-07-12T21:55:48.808-03:00  WARN 85174 --- [centrodepesquisa] [           main] .s.a.UserDetailsServiceAutoConfiguration : 

Using generated security password: 429e7950-a280-447d-89c6-ae3c2e1f0294

This generated password is for development use only. Your security configuration must be updated before running your application in production.

2026-07-12T21:55:48.867-03:00  INFO 85174 --- [centrodepesquisa] [           main] r$InitializeUserDetailsManagerConfigurer : Global AuthenticationManager configured with UserDetailsService bean with name inMemoryUserDetailsManager
2026-07-12T21:55:49.269-03:00  INFO 85174 --- [centrodepesquisa] [           main] c.c.c.CentrodepesquisaApplicationTests   : Started CentrodepesquisaApplicationTests in 6.175 seconds (process running for 7.855)
]]></system-out>
    <system-err><![CDATA[Mockito is currently self-attaching to enable the inline-mock-maker. This will no longer work in future releases of the JDK. Please add Mockito as an agent to your build as described in Mockito's documentation: https://javadoc.io/doc/org.mockito/mockito-core/latest/org.mockito/org/mockito/Mockito.html#0.3
WARNING: A Java agent has been loaded dynamically (/home/adrianoeloy/.m2/repository/net/bytebuddy/byte-buddy-agent/1.17.8/byte-buddy-agent-1.17.8.jar)
WARNING: If a serviceability tool is in use, please run with -XX:+EnableDynamicAgentLoading to hide this warning
WARNING: If a serviceability tool is not in use, please run with -Djdk.instrument.traceUsage for more information
WARNING: Dynamic loading of agents will be disallowed by default in a future release
]]></system-err>
  </testcase>
</testsuite>